nohup: ignoring input
/usr/local/lib/python3.8/site-packages/requests/__init__.py:109: RequestsDependencyWarning: urllib3 (2.2.3) or chardet (None)/charset_normalizer (2.1.1) doesn't match a supported version!
  warnings.warn(
/usr/local/lib/python3.8/site-packages/albumentations/check_version.py:49: UserWarning: Error fetching version info The read operation timed out
  data = fetch_version_info()
/usr/local/lib/python3.8/site-packages/torchvision/datapoints/__init__.py:12: UserWarning: The torchvision.datapoints and torchvision.transforms.v2 namespaces are still Beta. While we do not expect major breaking changes, some APIs may still change according to user feedback. Please submit any feedback you may have in this issue: https://github.com/pytorch/vision/issues/6753, and you can also check out https://github.com/pytorch/vision/issues/7319 to learn more about the APIs that we suspect might involve future changes. You can silence this warning by calling torchvision.disable_beta_transforms_warning().
  warnings.warn(_BETA_TRANSFORMS_WARNING)
/usr/local/lib/python3.8/site-packages/torchvision/transforms/v2/__init__.py:54: UserWarning: The torchvision.datapoints and torchvision.transforms.v2 namespaces are still Beta. While we do not expect major breaking changes, some APIs may still change according to user feedback. Please submit any feedback you may have in this issue: https://github.com/pytorch/vision/issues/6753, and you can also check out https://github.com/pytorch/vision/issues/7319 to learn more about the APIs that we suspect might involve future changes. You can silence this warning by calling torchvision.disable_beta_transforms_warning().
  warnings.warn(_BETA_TRANSFORMS_WARNING)
Some weights of Wav2VecModel were not initialized from the model checkpoint at ./checkpoints/wav2vec2-base-960h and are newly initialized: ['wav2vec2.masked_spec_embed']
You should probably TRAIN this model on a down-stream task to be able to use it for predictions and inference.
/usr/local/lib/python3.8/site-packages/torch/_utils.py:776: UserWarning: TypedStorage is deprecated. It will be removed in the future and UntypedStorage will be the only storage class. This should only matter to you if you are using storages directly.  To access UntypedStorage directly, use tensor.untyped_storage() instead of tensor.storage()
  return self.fget.__get__(instance, owner)()
> [Done] Preprocess.
> [Done] result saved at ./results/tmp_b57487c14b86420cbcaa7b4bec52cae6/2025-07-09T09-00-53-ref-audio-nfe10-seed15-acfg2.0-ecfg1.0-None.mp4
/usr/local/lib/python3.8/site-packages/requests/__init__.py:109: RequestsDependencyWarning: urllib3 (2.2.3) or chardet (None)/charset_normalizer (2.1.1) doesn't match a supported version!
  warnings.warn(
/usr/local/lib/python3.8/site-packages/albumentations/check_version.py:49: UserWarning: Error fetching version info The read operation timed out
  data = fetch_version_info()
/usr/local/lib/python3.8/site-packages/torchvision/datapoints/__init__.py:12: UserWarning: The torchvision.datapoints and torchvision.transforms.v2 namespaces are still Beta. While we do not expect major breaking changes, some APIs may still change according to user feedback. Please submit any feedback you may have in this issue: https://github.com/pytorch/vision/issues/6753, and you can also check out https://github.com/pytorch/vision/issues/7319 to learn more about the APIs that we suspect might involve future changes. You can silence this warning by calling torchvision.disable_beta_transforms_warning().
  warnings.warn(_BETA_TRANSFORMS_WARNING)
/usr/local/lib/python3.8/site-packages/torchvision/transforms/v2/__init__.py:54: UserWarning: The torchvision.datapoints and torchvision.transforms.v2 namespaces are still Beta. While we do not expect major breaking changes, some APIs may still change according to user feedback. Please submit any feedback you may have in this issue: https://github.com/pytorch/vision/issues/6753, and you can also check out https://github.com/pytorch/vision/issues/7319 to learn more about the APIs that we suspect might involve future changes. You can silence this warning by calling torchvision.disable_beta_transforms_warning().
  warnings.warn(_BETA_TRANSFORMS_WARNING)
Some weights of Wav2VecModel were not initialized from the model checkpoint at ./checkpoints/wav2vec2-base-960h and are newly initialized: ['wav2vec2.masked_spec_embed']
You should probably TRAIN this model on a down-stream task to be able to use it for predictions and inference.
/usr/local/lib/python3.8/site-packages/torch/_utils.py:776: UserWarning: TypedStorage is deprecated. It will be removed in the future and UntypedStorage will be the only storage class. This should only matter to you if you are using storages directly.  To access UntypedStorage directly, use tensor.untyped_storage() instead of tensor.storage()
  return self.fget.__get__(instance, owner)()
> [Done] Preprocess.
> [Done] result saved at ./results/tmp_fc5bf0d655b34582b0a150c8de15ebc1/2025-07-09T09-02-36-ref-audio-nfe10-seed15-acfg3.0-ecfg3.0-angry.mp4
